Using pre-set license
Built from '2020.3/release' branch; Version is '2020.3.12f1 (b3b2c6512326) revision 11776710'; Using compiler version '192528614'; Build Type 'Release'
OS: 'Windows 10 Pro; OS build 19041.985; Version 2004; 64bit' Language: 'ko' Physical Memory: 16226 MB
BatchMode: 1, IsHumanControllingUs: 0, StartBugReporterOnCrash: 0, Is64bit: 1, IsPro: 0

 COMMAND LINE ARGUMENTS:
D:\Program Files\2020.3.12f1\Editor\Unity.exe
-adb2
-batchMode
-noUpm
-name
AssetImportWorker0
-projectPath
D:/SlingCook
-logFile
Logs/AssetImportWorker0.log
-srvPort
57236
Successfully changed project path to: D:/SlingCook
D:/SlingCook
Using Asset Import Pipeline V2.
Refreshing native plugins compatible for Editor in 65.00 ms, found 5 plugins.
Preloading 0 native plugins for Editor in 0.00 ms.
Initialize engine version: 2020.3.12f1 (b3b2c6512326)
[Subsystems] Discovering subsystems at path D:/Program Files/2020.3.12f1/Editor/Data/Resources/UnitySubsystems
[Subsystems] Discovering subsystems at path D:/SlingCook/Assets
GfxDevice: creating device client; threaded=0
Direct3D:
    Version:  Direct3D 11.0 [level 11.1]
    Renderer: NVIDIA GeForce GTX 1650 (ID=0x1f91)
    Vendor:   
    VRAM:     3962 MB
    Driver:   27.21.14.6627
Shader 'Universal Render Pipeline/Particles/Lit': fallback shader 'Universal Render Pipeline/Particles/SimpleLit' not found
Initialize mono
Mono path[0] = 'D:/Program Files/2020.3.12f1/Editor/Data/Managed'
Mono path[1] = 'D:/Program Files/2020.3.12f1/Editor/Data/MonoBleedingEdge/lib/mono/unityjit'
Mono config path = 'D:/Program Files/2020.3.12f1/Editor/Data/MonoBleedingEdge/etc'
Using monoOptions --debugger-agent=transport=dt_socket,embedding=1,server=y,suspend=n,address=127.0.0.1:56400
Begin MonoManager ReloadAssembly
Registering precompiled unity dll's ...
Register platform support module: D:/Program Files/2020.3.12f1/Editor/Data/PlaybackEngines/WindowsStandaloneSupport/UnityEditor.WindowsStandalone.Extensions.dll
Registered in 0.001020 seconds.
Native extension for WindowsStandalone target not found
Refreshing native plugins compatible for Editor in 62.21 ms, found 5 plugins.
Preloading 0 native plugins for Editor in 0.00 ms.
Mono: successfully reloaded assembly
- Completed reload, in  0.925 seconds
Platform modules already initialized, skipping
Registering precompiled user dll's ...
Registered in 0.003782 seconds.
Begin MonoManager ReloadAssembly
Native extension for WindowsStandalone target not found
Refreshing native plugins compatible for Editor in 59.52 ms, found 5 plugins.
Preloading 0 native plugins for Editor in 0.00 ms.
Mono: successfully reloaded assembly
- Completed reload, in  1.113 seconds
Platform modules already initialized, skipping
========================================================================
Worker process is ready to serve import requests
Shader 'Universal Render Pipeline/Particles/Lit': fallback shader 'Universal Render Pipeline/Particles/SimpleLit' not found
Launched and connected shader compiler UnityShaderCompiler.exe after 0.05 seconds
Refreshing native plugins compatible for Editor in 1.16 ms, found 5 plugins.
Preloading 0 native plugins for Editor in 0.00 ms.
Unloading 2972 Unused Serialized files (Serialized files now loaded: 0)
System memory in use before: 141.6 MB.
System memory in use after: 141.8 MB.

Unloading 26 unused Assets to reduce memory usage. Loaded Objects now: 3403.
Total: 2.263400 ms (FindLiveObjects: 0.249300 ms CreateObjectMapping: 0.136800 ms MarkObjects: 1.807900 ms  DeleteObjects: 0.068400 ms)

AssetImportParameters requested are different than current active one (requested -> active):
  custom:framework-win-MediaFoundation: 216162199b28c13a410421893ffa2e32 -> 
  custom:video-decoder-ogg-theora: a1e56fd34408186e4bbccfd4996cb3dc -> 
  custom:container-muxer-webm: aa71ff27fc2769a1b78a27578f13a17b -> 
  custom:container-demuxer-webm: 4f35f7cbe854078d1ac9338744f61a02 -> 
  custom:container-demuxer-ogg: 62fdf1f143b41e24485cea50d1cbac27 -> 
  custom:video-encoder-webm-vp8: eb34c28f22e8b96e1ab97ce403110664 -> 
  custom:video-decoder-webm-vp8: 9c59270c3fd7afecdb556c50c9e8de78 -> 
  custom:audio-decoder-ogg-vorbis: bf7c407c2cedff20999df2af8eb42d56 -> 
  custom:audio-encoder-webm-vorbis: bf7c407c2cedff20999df2af8eb42d56 -> 
========================================================================
Received Import Request.
  path: Assets/JKT_Art/Animals/cat/ani/walk.anim
  artifactKey: Guid(13d1e9fb988813d4198e81ba8221e295) Importer(815301076,1909f56bfc062723c751e8b465ee728b)
Start importing Assets/JKT_Art/Animals/cat/ani/walk.anim using Guid(13d1e9fb988813d4198e81ba8221e295) Importer(815301076,1909f56bfc062723c751e8b465ee728b)  -> (artifact id: '362f4276862bc35742b7de4a1e421b79') in 0.045727 seconds 
  Import took 0.050124 seconds .

========================================================================
Received Import Request.
  Time since last request: 0.000284 seconds.
  path: Assets/JKT_Art/Animals/cat/ani/idle.anim
  artifactKey: Guid(e0cc63341ff9db542a57a592c9a5bfd0) Importer(815301076,1909f56bfc062723c751e8b465ee728b)
Start importing Assets/JKT_Art/Animals/cat/ani/idle.anim using Guid(e0cc63341ff9db542a57a592c9a5bfd0) Importer(815301076,1909f56bfc062723c751e8b465ee728b)  -> (artifact id: '23520296cba9b33b506e8bf8b8958778') in 0.020244 seconds 
  Import took 0.025227 seconds .

========================================================================
Received Import Request.
  Time since last request: 0.000267 seconds.
  path: Assets/JKT_Art/Animals/cat/ani
  artifactKey: Guid(1ee305cb4e4254441a3f3e399c31cc80) Importer(815301076,1909f56bfc062723c751e8b465ee728b)
Start importing Assets/JKT_Art/Animals/cat/ani using Guid(1ee305cb4e4254441a3f3e399c31cc80) Importer(815301076,1909f56bfc062723c751e8b465ee728b)  -> (artifact id: 'c5642def6748f4b4de04860b1b082d82') in 0.007251 seconds 
  Import took 0.012365 seconds .

========================================================================
Received Import Request.
  Time since last request: 0.000215 seconds.
  path: Assets/JKT_Art/Animals/cat/ani/idle.controller
  artifactKey: Guid(b1266890a6e0c8b4ea5f7b0509e5c7ca) Importer(815301076,1909f56bfc062723c751e8b465ee728b)
Start importing Assets/JKT_Art/Animals/cat/ani/idle.controller using Guid(b1266890a6e0c8b4ea5f7b0509e5c7ca) Importer(815301076,1909f56bfc062723c751e8b465ee728b)  -> (artifact id: '2dc9ac59643bd8a1a88085be50be5a37') in 0.032795 seconds 
  Import took 0.037929 seconds .

========================================================================
Received Import Request.
  Time since last request: 7.465939 seconds.
  path: Assets/JKT_Art/Animals/cat/fbx
  artifactKey: Guid(5a07801960f8ba743b57b1b2e3a1a1aa) Importer(815301076,1909f56bfc062723c751e8b465ee728b)
Start importing Assets/JKT_Art/Animals/cat/fbx using Guid(5a07801960f8ba743b57b1b2e3a1a1aa) Importer(815301076,1909f56bfc062723c751e8b465ee728b)  -> (artifact id: '8213fca2fadb8fa52a6a60c013d63847') in 0.007081 seconds 
  Import took 0.012763 seconds .

========================================================================
Received Import Request.
  Time since last request: 0.000846 seconds.
  path: Assets/JKT_Art/Animals/cat/fbx
  artifactKey: Guid(5a07801960f8ba743b57b1b2e3a1a1aa) Importer(815301076,1909f56bfc062723c751e8b465ee728b)
Start importing Assets/JKT_Art/Animals/cat/fbx using Guid(5a07801960f8ba743b57b1b2e3a1a1aa) Importer(815301076,1909f56bfc062723c751e8b465ee728b)  -> (artifact id: '8213fca2fadb8fa52a6a60c013d63847') in 0.001932 seconds 
  Import took 0.006401 seconds .

========================================================================
Received Import Request.
  Time since last request: 0.061725 seconds.
  path: Assets/JKT_Art/Animals/cat/fbx/idle.FBX
  artifactKey: Guid(5fa1ffabb8791754e8492e8ed1dfffbe) Importer(815301076,1909f56bfc062723c751e8b465ee728b)
Start importing Assets/JKT_Art/Animals/cat/fbx/idle.FBX using Guid(5fa1ffabb8791754e8492e8ed1dfffbe) Importer(815301076,1909f56bfc062723c751e8b465ee728b)  -> (artifact id: 'b2ba1704a6b0807d897d1c2fd575c9d4') in 0.257356 seconds 
  Import took 0.261862 seconds .

========================================================================
Received Import Request.
  Time since last request: 1.568241 seconds.
  path: Assets/JKT_Art/Animals/cat/fbx/Materials
  artifactKey: Guid(23e7d13e102922845972f7d74570241e) Importer(815301076,1909f56bfc062723c751e8b465ee728b)
Start importing Assets/JKT_Art/Animals/cat/fbx/Materials using Guid(23e7d13e102922845972f7d74570241e) Importer(815301076,1909f56bfc062723c751e8b465ee728b)  -> (artifact id: 'e84202054faa1fecd9bbec56144947f4') in 0.003700 seconds 
  Import took 0.012021 seconds .

========================================================================
Received Prepare
Shader 'Universal Render Pipeline/Particles/Lit': fallback shader 'Universal Render Pipeline/Particles/SimpleLit' not found
Refreshing native plugins compatible for Editor in 3.81 ms, found 5 plugins.
Preloading 0 native plugins for Editor in 0.00 ms.
Unloading 19 Unused Serialized files (Serialized files now loaded: 0)
System memory in use before: 95.1 MB.
System memory in use after: 95.4 MB.

Unloading 19 unused Assets to reduce memory usage. Loaded Objects now: 3480.
Total: 2.753900 ms (FindLiveObjects: 0.237700 ms CreateObjectMapping: 0.161500 ms MarkObjects: 2.334300 ms  DeleteObjects: 0.019400 ms)

AssetImportParameters requested are different than current active one (requested -> active):
  custom:framework-win-MediaFoundation: 216162199b28c13a410421893ffa2e32 -> 
  custom:video-decoder-ogg-theora: a1e56fd34408186e4bbccfd4996cb3dc -> 
  custom:container-muxer-webm: aa71ff27fc2769a1b78a27578f13a17b -> 
  custom:container-demuxer-webm: 4f35f7cbe854078d1ac9338744f61a02 -> 
  custom:container-demuxer-ogg: 62fdf1f143b41e24485cea50d1cbac27 -> 
  custom:video-encoder-webm-vp8: eb34c28f22e8b96e1ab97ce403110664 -> 
  custom:video-decoder-webm-vp8: 9c59270c3fd7afecdb556c50c9e8de78 -> 
  custom:audio-decoder-ogg-vorbis: bf7c407c2cedff20999df2af8eb42d56 -> 
  custom:audio-encoder-webm-vorbis: bf7c407c2cedff20999df2af8eb42d56 -> 
