Using pre-set license
Built from '2020.3/release' branch; Version is '2020.3.12f1 (b3b2c6512326) revision 11776710'; Using compiler version '192528614'; Build Type 'Release'
OS: 'Windows 10 Pro; OS build 19041.985; Version 2004; 64bit' Language: 'ko' Physical Memory: 16226 MB
BatchMode: 1, IsHumanControllingUs: 0, StartBugReporterOnCrash: 0, Is64bit: 1, IsPro: 0

 COMMAND LINE ARGUMENTS:
D:\Program Files\2020.3.12f1\Editor\Unity.exe
-adb2
-batchMode
-noUpm
-name
AssetImportWorker0
-projectPath
D:/SlingCook
-logFile
Logs/AssetImportWorker0.log
-srvPort
51345
Successfully changed project path to: D:/SlingCook
D:/SlingCook
Using Asset Import Pipeline V2.
Refreshing native plugins compatible for Editor in 60.98 ms, found 5 plugins.
Preloading 0 native plugins for Editor in 0.00 ms.
Initialize engine version: 2020.3.12f1 (b3b2c6512326)
[Subsystems] Discovering subsystems at path D:/Program Files/2020.3.12f1/Editor/Data/Resources/UnitySubsystems
[Subsystems] Discovering subsystems at path D:/SlingCook/Assets
GfxDevice: creating device client; threaded=0
Direct3D:
    Version:  Direct3D 11.0 [level 11.1]
    Renderer: NVIDIA GeForce GTX 1650 (ID=0x1f91)
    Vendor:   
    VRAM:     3962 MB
    Driver:   27.21.14.6627
Shader 'Universal Render Pipeline/Particles/Lit': fallback shader 'Universal Render Pipeline/Particles/SimpleLit' not found
Initialize mono
Mono path[0] = 'D:/Program Files/2020.3.12f1/Editor/Data/Managed'
Mono path[1] = 'D:/Program Files/2020.3.12f1/Editor/Data/MonoBleedingEdge/lib/mono/unityjit'
Mono config path = 'D:/Program Files/2020.3.12f1/Editor/Data/MonoBleedingEdge/etc'
Using monoOptions --debugger-agent=transport=dt_socket,embedding=1,server=y,suspend=n,address=127.0.0.1:56616
Begin MonoManager ReloadAssembly
Registering precompiled unity dll's ...
Register platform support module: D:/Program Files/2020.3.12f1/Editor/Data/PlaybackEngines/WindowsStandaloneSupport/UnityEditor.WindowsStandalone.Extensions.dll
Registered in 0.001248 seconds.
Native extension for WindowsStandalone target not found
Refreshing native plugins compatible for Editor in 62.24 ms, found 5 plugins.
Preloading 0 native plugins for Editor in 0.00 ms.
Mono: successfully reloaded assembly
- Completed reload, in  0.868 seconds
Platform modules already initialized, skipping
Registering precompiled user dll's ...
Registered in 0.003389 seconds.
Begin MonoManager ReloadAssembly
Native extension for WindowsStandalone target not found
Refreshing native plugins compatible for Editor in 60.50 ms, found 5 plugins.
Preloading 0 native plugins for Editor in 0.00 ms.
Mono: successfully reloaded assembly
- Completed reload, in  1.051 seconds
Platform modules already initialized, skipping
========================================================================
Worker process is ready to serve import requests
Shader 'Universal Render Pipeline/Particles/Lit': fallback shader 'Universal Render Pipeline/Particles/SimpleLit' not found
Launched and connected shader compiler UnityShaderCompiler.exe after 0.05 seconds
Refreshing native plugins compatible for Editor in 1.04 ms, found 5 plugins.
Preloading 0 native plugins for Editor in 0.00 ms.
Unloading 2969 Unused Serialized files (Serialized files now loaded: 0)
System memory in use before: 140.7 MB.
System memory in use after: 140.9 MB.

Unloading 26 unused Assets to reduce memory usage. Loaded Objects now: 3400.
Total: 2.376000 ms (FindLiveObjects: 0.265500 ms CreateObjectMapping: 0.146800 ms MarkObjects: 1.899500 ms  DeleteObjects: 0.063200 ms)

AssetImportParameters requested are different than current active one (requested -> active):
  custom:framework-win-MediaFoundation: 216162199b28c13a410421893ffa2e32 -> 
  custom:video-decoder-ogg-theora: a1e56fd34408186e4bbccfd4996cb3dc -> 
  custom:container-muxer-webm: aa71ff27fc2769a1b78a27578f13a17b -> 
  custom:container-demuxer-webm: 4f35f7cbe854078d1ac9338744f61a02 -> 
  custom:container-demuxer-ogg: 62fdf1f143b41e24485cea50d1cbac27 -> 
  custom:video-encoder-webm-vp8: eb34c28f22e8b96e1ab97ce403110664 -> 
  custom:video-decoder-webm-vp8: 9c59270c3fd7afecdb556c50c9e8de78 -> 
  custom:audio-decoder-ogg-vorbis: bf7c407c2cedff20999df2af8eb42d56 -> 
  custom:audio-encoder-webm-vorbis: bf7c407c2cedff20999df2af8eb42d56 -> 
========================================================================
Received Import Request.
  path: Assets/Scenes/gameplay_yuri.unity
  artifactKey: Guid(0681032f85975e64e957b60bd647619b) Importer(815301076,1909f56bfc062723c751e8b465ee728b)
Start importing Assets/Scenes/gameplay_yuri.unity using Guid(0681032f85975e64e957b60bd647619b) Importer(815301076,1909f56bfc062723c751e8b465ee728b)  -> (artifact id: '56e46a3828829adbf57fe76ada07dafe') in 0.016721 seconds 
  Import took 0.020985 seconds .

========================================================================
Received Import Request.
  Time since last request: 9.887423 seconds.
  path: Assets/Scenes/gameplay_yuri 1.unity
  artifactKey: Guid(af9176d97a5349147821a65e083e27ce) Importer(815301076,1909f56bfc062723c751e8b465ee728b)
Start importing Assets/Scenes/gameplay_yuri 1.unity using Guid(af9176d97a5349147821a65e083e27ce) Importer(815301076,1909f56bfc062723c751e8b465ee728b)  -> (artifact id: '6ac34f6e743f151c5ed88d11ca7818ef') in 0.006709 seconds 
  Import took 0.012279 seconds .

========================================================================
Received Import Request.
  Time since last request: 15.606721 seconds.
  path: Assets/Scenes/gameplay_ing.unity
  artifactKey: Guid(af9176d97a5349147821a65e083e27ce) Importer(815301076,1909f56bfc062723c751e8b465ee728b)
Start importing Assets/Scenes/gameplay_ing.unity using Guid(af9176d97a5349147821a65e083e27ce) Importer(815301076,1909f56bfc062723c751e8b465ee728b)  -> (artifact id: '8bc8000989df58e41931f64f45df2362') in 0.005910 seconds 
  Import took 0.011098 seconds .

========================================================================
Received Import Request.
  Time since last request: 61.925099 seconds.
  path: Assets/Scripts/Sling.cs
  artifactKey: Guid(02e41777af9dfa143bec38716d5f9213) Importer(815301076,1909f56bfc062723c751e8b465ee728b)
Start importing Assets/Scripts/Sling.cs using Guid(02e41777af9dfa143bec38716d5f9213) Importer(815301076,1909f56bfc062723c751e8b465ee728b)  -> (artifact id: 'a1eda0a3f5a980f6f9f623eb014594e1') in 0.030315 seconds 
  Import took 0.034894 seconds .

========================================================================
Received Import Request.
  Time since last request: 16.708869 seconds.
  path: Assets/Prefabs/CookButton.prefab
  artifactKey: Guid(b0fd54de5c6077f4885228e3336ffe03) Importer(815301076,1909f56bfc062723c751e8b465ee728b)
Start importing Assets/Prefabs/CookButton.prefab using Guid(b0fd54de5c6077f4885228e3336ffe03) Importer(815301076,1909f56bfc062723c751e8b465ee728b)  -> (artifact id: '2e5470f04bf73e510add7314c6a67ff8') in 0.034926 seconds 
  Import took 0.041866 seconds .

========================================================================
Received Import Request.
  Time since last request: 0.000254 seconds.
  path: Assets/Prefabs/CookSlot.prefab
  artifactKey: Guid(a5346725151f922448c4c286961eeee6) Importer(815301076,1909f56bfc062723c751e8b465ee728b)
Start importing Assets/Prefabs/CookSlot.prefab using Guid(a5346725151f922448c4c286961eeee6) Importer(815301076,1909f56bfc062723c751e8b465ee728b)  -> (artifact id: '4d18e05d9dee48f96f996cd1222aa20d') in 0.009141 seconds 
  Import took 0.013927 seconds .

========================================================================
Received Import Request.
  Time since last request: 0.000295 seconds.
  path: Assets/Prefabs/Item.prefab
  artifactKey: Guid(c7ee99015d1295347ae7c75bf4633af6) Importer(815301076,1909f56bfc062723c751e8b465ee728b)
Start importing Assets/Prefabs/Item.prefab using Guid(c7ee99015d1295347ae7c75bf4633af6) Importer(815301076,1909f56bfc062723c751e8b465ee728b)  -> (artifact id: 'd6f1360ccaca2026f591afc01f5cdb08') in 0.200159 seconds 
  Import took 0.204666 seconds .

========================================================================
Received Import Request.
  Time since last request: 0.000321 seconds.
  path: Assets/Prefabs/CookSlot.prefab
  artifactKey: Guid(a5346725151f922448c4c286961eeee6) Importer(815301076,1909f56bfc062723c751e8b465ee728b)
Start importing Assets/Prefabs/CookSlot.prefab using Guid(a5346725151f922448c4c286961eeee6) Importer(815301076,1909f56bfc062723c751e8b465ee728b)  -> (artifact id: '4d18e05d9dee48f96f996cd1222aa20d') in 0.003464 seconds 
  Import took 0.008835 seconds .

========================================================================
Received Import Request.
  Time since last request: 0.000254 seconds.
  path: Assets/Prefabs/CookButton.prefab
  artifactKey: Guid(b0fd54de5c6077f4885228e3336ffe03) Importer(815301076,1909f56bfc062723c751e8b465ee728b)
Start importing Assets/Prefabs/CookButton.prefab using Guid(b0fd54de5c6077f4885228e3336ffe03) Importer(815301076,1909f56bfc062723c751e8b465ee728b)  -> (artifact id: '2e5470f04bf73e510add7314c6a67ff8') in 0.003494 seconds 
  Import took 0.008982 seconds .

========================================================================
Received Prepare
Registering precompiled user dll's ...
Registered in 0.004195 seconds.
Begin MonoManager ReloadAssembly
Native extension for WindowsStandalone target not found
Refreshing native plugins compatible for Editor in 1.14 ms, found 5 plugins.
Preloading 0 native plugins for Editor in 0.00 ms.
Mono: successfully reloaded assembly
- Completed reload, in  1.148 seconds
Platform modules already initialized, skipping
Shader 'Universal Render Pipeline/Particles/Lit': fallback shader 'Universal Render Pipeline/Particles/SimpleLit' not found
Refreshing native plugins compatible for Editor in 0.68 ms, found 5 plugins.
Preloading 0 native plugins for Editor in 0.00 ms.
Unloading 2832 Unused Serialized files (Serialized files now loaded: 0)
System memory in use before: 136.3 MB.
System memory in use after: 136.5 MB.

Unloading 23 unused Assets to reduce memory usage. Loaded Objects now: 3451.
Total: 3.662100 ms (FindLiveObjects: 0.291100 ms CreateObjectMapping: 0.211200 ms MarkObjects: 3.127100 ms  DeleteObjects: 0.031400 ms)

AssetImportParameters requested are different than current active one (requested -> active):
  custom:framework-win-MediaFoundation: 216162199b28c13a410421893ffa2e32 -> 
  custom:video-decoder-ogg-theora: a1e56fd34408186e4bbccfd4996cb3dc -> 
  custom:container-muxer-webm: aa71ff27fc2769a1b78a27578f13a17b -> 
  custom:container-demuxer-webm: 4f35f7cbe854078d1ac9338744f61a02 -> 
  custom:container-demuxer-ogg: 62fdf1f143b41e24485cea50d1cbac27 -> 
  custom:video-encoder-webm-vp8: eb34c28f22e8b96e1ab97ce403110664 -> 
  custom:video-decoder-webm-vp8: 9c59270c3fd7afecdb556c50c9e8de78 -> 
  custom:audio-decoder-ogg-vorbis: bf7c407c2cedff20999df2af8eb42d56 -> 
  custom:audio-encoder-webm-vorbis: bf7c407c2cedff20999df2af8eb42d56 -> 
